<?xml version="1.0" encoding="UTF-8"?>
<!-- Generated by org.testng.reporters.JUnitReportReporter -->
<testsuite hostname="LAPTOP-QN17ATHQ" name="com.mns.atl.TravelSite.RegistrationTest" tests="1" failures="0" timestamp="26 Jan 2018 16:30:39 GMT" time="39.170" errors="0">
  <testcase name="testRegistration" time="39.170" classname="com.mns.atl.TravelSite.RegistrationTest"/>
</testsuite> <!-- com.mns.atl.TravelSite.RegistrationTest -->
