<?xml version="1.0" encoding="UTF-8"?>
<!-- Generated by org.testng.reporters.JUnitReportReporter -->
<testsuite hostname="LAPTOP-QN17ATHQ" name="com.mns.expedia.ExpediaHomeTest" tests="1" failures="0" timestamp="29 Jan 2018 21:21:22 GMT" time="29.012" errors="0">
  <testcase name="ticketSubmit" time="29.012" classname="com.mns.expedia.ExpediaHomeTest"/>
</testsuite> <!-- com.mns.expedia.ExpediaHomeTest -->
